<?xml version="1.0" encoding="UTF-8"?>
<testng-results skipped="0" failed="0" ignored="0" total="1" passed="1">
  <reporter-output>
  </reporter-output>
  <suite name="Resources.RunTest.RunTest" duration-ms="8327" started-at="2022-06-26T20:11:20 ICT" finished-at="2022-06-26T20:11:29 ICT">
    <groups>
      <group name="cucumber">
        <method signature="AbstractTestNGCucumberTests.runScenario(io.cucumber.testng.PickleWrapper,io.cucumber.testng.FeatureWrapper)[pri:0, instance:Resources.RunTest.RunTest@2173f6d9]" name="runScenario" class="io.cucumber.testng.AbstractTestNGCucumberTests"/>
      </group> <!-- cucumber -->
    </groups>
    <test name="Command line test" duration-ms="8327" started-at="2022-06-26T20:11:20 ICT" finished-at="2022-06-26T20:11:29 ICT">
      <class name="Resources.RunTest.RunTest">
        <test-method status="PASS" signature="setUpClass()[pri:0, instance:Resources.RunTest.RunTest@2173f6d9]" name="setUpClass" is-config="true" duration-ms="459" started-at="2022-06-26T20:11:20 ICT" finished-at="2022-06-26T20:11:21 ICT">
          <reporter-output>
          </reporter-output>
        </test-method> <!-- setUpClass -->
        <test-method status="PASS" signature="runScenario(io.cucumber.testng.PickleWrapper,io.cucumber.testng.FeatureWrapper)[pri:0, instance:Resources.RunTest.RunTest@2173f6d9]" name="runScenario" duration-ms="7526" started-at="2022-06-26T20:11:21 ICT" description="Runs Cucumber Scenarios" data-provider="scenarios" finished-at="2022-06-26T20:11:28 ICT">
          <params>
            <param index="0">
              <value>
                <![CDATA["Login to home page"]]>
              </value>
            </param>
            <param index="1">
              <value>
                <![CDATA["Optional[Login]"]]>
              </value>
            </param>
          </params>
          <reporter-output>
          </reporter-output>
        </test-method> <!-- runScenario -->
        <test-method status="PASS" signature="tearDownClass()[pri:0, instance:Resources.RunTest.RunTest@2173f6d9]" name="tearDownClass" is-config="true" duration-ms="316" started-at="2022-06-26T20:11:28 ICT" finished-at="2022-06-26T20:11:29 ICT">
          <reporter-output>
          </reporter-output>
        </test-method> <!-- tearDownClass -->
      </class> <!-- Resources.RunTest.RunTest -->
    </test> <!-- Command line test -->
  </suite> <!-- Resources.RunTest.RunTest -->
</testng-results>
